mode: set
github.com/andrei-cloud/go-devops/internal/hash/hash.go:14.44,18.2 3 1
github.com/andrei-cloud/go-devops/internal/hash/hash.go:21.57,23.19 2 1
github.com/andrei-cloud/go-devops/internal/hash/hash.go:27.2,28.16 2 1
github.com/andrei-cloud/go-devops/internal/hash/hash.go:32.2,32.17 1 1
github.com/andrei-cloud/go-devops/internal/hash/hash.go:38.2,39.16 2 1
github.com/andrei-cloud/go-devops/internal/hash/hash.go:42.2,42.30 1 1
github.com/andrei-cloud/go-devops/internal/hash/hash.go:23.19,25.3 1 0
github.com/andrei-cloud/go-devops/internal/hash/hash.go:28.16,30.3 1 1
github.com/andrei-cloud/go-devops/internal/hash/hash.go:33.15,34.52 1 1
github.com/andrei-cloud/go-devops/internal/hash/hash.go:35.17,36.54 1 0
github.com/andrei-cloud/go-devops/internal/hash/hash.go:39.16,41.3 1 0
github.com/andrei-cloud/go-devops/internal/handlers/default.go:11.33,12.54 1 1
github.com/andrei-cloud/go-devops/internal/handlers/default.go:12.54,17.3 4 1
github.com/andrei-cloud/go-devops/internal/handlers/getmetrics.go:19.56,20.54 1 1
github.com/andrei-cloud/go-devops/internal/handlers/getmetrics.go:20.54,24.21 3 1
github.com/andrei-cloud/go-devops/internal/handlers/getmetrics.go:25.16,27.18 2 1
github.com/andrei-cloud/go-devops/internal/handlers/getmetrics.go:32.4,32.34 1 1
github.com/andrei-cloud/go-devops/internal/handlers/getmetrics.go:33.18,35.18 2 0
github.com/andrei-cloud/go-devops/internal/handlers/getmetrics.go:40.4,40.32 1 0
github.com/andrei-cloud/go-devops/internal/handlers/getmetrics.go:41.11,43.10 2 0
github.com/andrei-cloud/go-devops/internal/handlers/getmetrics.go:27.18,31.5 3 0
github.com/andrei-cloud/go-devops/internal/handlers/getmetrics.go:35.18,39.5 3 0
github.com/andrei-cloud/go-devops/internal/handlers/getmetrics.go:50.60,51.54 1 1
github.com/andrei-cloud/go-devops/internal/handlers/getmetrics.go:51.54,53.57 2 1
github.com/andrei-cloud/go-devops/internal/handlers/getmetrics.go:57.3,58.65 2 1
github.com/andrei-cloud/go-devops/internal/handlers/getmetrics.go:63.3,64.20 2 1
github.com/andrei-cloud/go-devops/internal/handlers/getmetrics.go:68.3,68.23 1 1
github.com/andrei-cloud/go-devops/internal/handlers/getmetrics.go:96.3,96.52 1 1
github.com/andrei-cloud/go-devops/internal/handlers/getmetrics.go:53.57,55.4 1 0
github.com/andrei-cloud/go-devops/internal/handlers/getmetrics.go:58.65,61.4 2 0
github.com/andrei-cloud/go-devops/internal/handlers/getmetrics.go:64.20,66.4 1 0
github.com/andrei-cloud/go-devops/internal/handlers/getmetrics.go:69.16,71.18 2 1
github.com/andrei-cloud/go-devops/internal/handlers/getmetrics.go:76.4,77.21 2 1
github.com/andrei-cloud/go-devops/internal/handlers/getmetrics.go:80.18,82.18 2 0
github.com/andrei-cloud/go-devops/internal/handlers/getmetrics.go:87.4,88.21 2 0
github.com/andrei-cloud/go-devops/internal/handlers/getmetrics.go:91.11,93.10 2 0
github.com/andrei-cloud/go-devops/internal/handlers/getmetrics.go:71.18,75.5 3 0
github.com/andrei-cloud/go-devops/internal/handlers/getmetrics.go:77.21,79.5 1 0
github.com/andrei-cloud/go-devops/internal/handlers/getmetrics.go:82.18,86.5 3 0
github.com/andrei-cloud/go-devops/internal/handlers/getmetrics.go:88.21,90.5 1 0
github.com/andrei-cloud/go-devops/internal/handlers/getmetrics.go:96.52,98.4 1 0
github.com/andrei-cloud/go-devops/internal/handlers/getmetrics.go:98.9,101.4 2 1
github.com/andrei-cloud/go-devops/internal/handlers/ping.go:12.48,13.54 1 1
github.com/andrei-cloud/go-devops/internal/handlers/ping.go:13.54,14.35 1 1
github.com/andrei-cloud/go-devops/internal/handlers/ping.go:19.3,19.31 1 1
github.com/andrei-cloud/go-devops/internal/handlers/ping.go:14.35,17.4 2 0
github.com/andrei-cloud/go-devops/internal/handlers/update.go:19.52,20.54 1 1
github.com/andrei-cloud/go-devops/internal/handlers/update.go:20.54,25.21 4 1
github.com/andrei-cloud/go-devops/internal/handlers/update.go:55.3,55.31 1 1
github.com/andrei-cloud/go-devops/internal/handlers/update.go:26.16,27.69 1 1
github.com/andrei-cloud/go-devops/internal/handlers/update.go:38.18,39.71 1 1
github.com/andrei-cloud/go-devops/internal/handlers/update.go:50.11,52.10 2 1
github.com/andrei-cloud/go-devops/internal/handlers/update.go:27.69,31.5 3 1
github.com/andrei-cloud/go-devops/internal/handlers/update.go:31.10,32.76 1 1
github.com/andrei-cloud/go-devops/internal/handlers/update.go:32.76,36.6 3 0
github.com/andrei-cloud/go-devops/internal/handlers/update.go:39.71,43.5 3 1
github.com/andrei-cloud/go-devops/internal/handlers/update.go:43.10,44.78 1 1
github.com/andrei-cloud/go-devops/internal/handlers/update.go:44.78,48.6 3 0
github.com/andrei-cloud/go-devops/internal/handlers/update.go:61.56,62.54 1 1
github.com/andrei-cloud/go-devops/internal/handlers/update.go:62.54,65.20 3 1
github.com/andrei-cloud/go-devops/internal/handlers/update.go:69.3,69.57 1 1
github.com/andrei-cloud/go-devops/internal/handlers/update.go:73.3,74.65 2 1
github.com/andrei-cloud/go-devops/internal/handlers/update.go:79.3,80.17 2 1
github.com/andrei-cloud/go-devops/internal/handlers/update.go:86.3,86.23 1 1
github.com/andrei-cloud/go-devops/internal/handlers/update.go:65.20,67.4 1 1
github.com/andrei-cloud/go-devops/internal/handlers/update.go:69.57,71.4 1 1
github.com/andrei-cloud/go-devops/internal/handlers/update.go:74.65,77.4 2 1
github.com/andrei-cloud/go-devops/internal/handlers/update.go:80.17,84.4 3 0
github.com/andrei-cloud/go-devops/internal/handlers/update.go:87.16,88.36 1 1
github.com/andrei-cloud/go-devops/internal/handlers/update.go:98.18,99.36 1 1
github.com/andrei-cloud/go-devops/internal/handlers/update.go:109.11,111.10 2 1
github.com/andrei-cloud/go-devops/internal/handlers/update.go:88.36,89.83 1 1
github.com/andrei-cloud/go-devops/internal/handlers/update.go:89.83,93.6 3 0
github.com/andrei-cloud/go-devops/internal/handlers/update.go:94.10,97.5 2 1
github.com/andrei-cloud/go-devops/internal/handlers/update.go:99.36,100.85 1 1
github.com/andrei-cloud/go-devops/internal/handlers/update.go:100.85,104.6 3 0
github.com/andrei-cloud/go-devops/internal/handlers/update.go:105.10,108.5 2 0
github.com/andrei-cloud/go-devops/internal/handlers/update.go:119.60,120.54 1 1
github.com/andrei-cloud/go-devops/internal/handlers/update.go:120.54,123.20 3 1
github.com/andrei-cloud/go-devops/internal/handlers/update.go:127.3,127.57 1 1
github.com/andrei-cloud/go-devops/internal/handlers/update.go:131.3,132.66 2 1
github.com/andrei-cloud/go-devops/internal/handlers/update.go:137.3,137.29 1 1
github.com/andrei-cloud/go-devops/internal/handlers/update.go:123.20,125.4 1 1
github.com/andrei-cloud/go-devops/internal/handlers/update.go:127.57,129.4 1 1
github.com/andrei-cloud/go-devops/internal/handlers/update.go:132.66,135.4 2 1
github.com/andrei-cloud/go-devops/internal/handlers/update.go:137.29,139.18 2 1
github.com/andrei-cloud/go-devops/internal/handlers/update.go:145.4,145.19 1 1
github.com/andrei-cloud/go-devops/internal/handlers/update.go:139.18,143.5 3 0
github.com/andrei-cloud/go-devops/internal/handlers/update.go:146.17,147.32 1 1
github.com/andrei-cloud/go-devops/internal/handlers/update.go:157.19,158.32 1 1
github.com/andrei-cloud/go-devops/internal/handlers/update.go:168.12,170.11 2 1
github.com/andrei-cloud/go-devops/internal/handlers/update.go:147.32,148.74 1 1
github.com/andrei-cloud/go-devops/internal/handlers/update.go:148.74,152.7 3 0
github.com/andrei-cloud/go-devops/internal/handlers/update.go:153.11,156.6 2 1
github.com/andrei-cloud/go-devops/internal/handlers/update.go:158.32,159.76 1 1
github.com/andrei-cloud/go-devops/internal/handlers/update.go:159.76,163.7 3 0
github.com/andrei-cloud/go-devops/internal/handlers/update.go:164.11,167.6 2 0
github.com/andrei-cloud/go-devops/internal/storage/persistent/db.go:22.33,24.16 2 0
github.com/andrei-cloud/go-devops/internal/storage/persistent/db.go:28.2,30.44 3 0
github.com/andrei-cloud/go-devops/internal/storage/persistent/db.go:34.2,34.45 1 0
github.com/andrei-cloud/go-devops/internal/storage/persistent/db.go:38.2,38.21 1 0
github.com/andrei-cloud/go-devops/internal/storage/persistent/db.go:24.16,27.3 2 0
github.com/andrei-cloud/go-devops/internal/storage/persistent/db.go:30.44,33.3 2 0
github.com/andrei-cloud/go-devops/internal/storage/persistent/db.go:34.45,37.3 2 0
github.com/andrei-cloud/go-devops/internal/storage/persistent/db.go:41.57,52.2 3 0
github.com/andrei-cloud/go-devops/internal/storage/persistent/db.go:56.32,59.17 3 0
github.com/andrei-cloud/go-devops/internal/storage/persistent/db.go:64.2,64.12 1 0
github.com/andrei-cloud/go-devops/internal/storage/persistent/db.go:59.17,60.47 1 0
github.com/andrei-cloud/go-devops/internal/storage/persistent/db.go:60.47,62.4 1 0
github.com/andrei-cloud/go-devops/internal/storage/persistent/db.go:69.79,76.16 3 0
github.com/andrei-cloud/go-devops/internal/storage/persistent/db.go:80.2,80.12 1 0
github.com/andrei-cloud/go-devops/internal/storage/persistent/db.go:76.16,78.3 1 0
github.com/andrei-cloud/go-devops/internal/storage/persistent/db.go:85.79,92.16 3 0
github.com/andrei-cloud/go-devops/internal/storage/persistent/db.go:96.2,96.12 1 0
github.com/andrei-cloud/go-devops/internal/storage/persistent/db.go:92.16,94.3 1 0
github.com/andrei-cloud/go-devops/internal/storage/persistent/db.go:101.76,105.16 3 0
github.com/andrei-cloud/go-devops/internal/storage/persistent/db.go:108.2,110.19 2 0
github.com/andrei-cloud/go-devops/internal/storage/persistent/db.go:105.16,107.3 1 0
github.com/andrei-cloud/go-devops/internal/storage/persistent/db.go:115.76,119.16 3 0
github.com/andrei-cloud/go-devops/internal/storage/persistent/db.go:122.2,124.19 2 0
github.com/andrei-cloud/go-devops/internal/storage/persistent/db.go:119.16,121.3 1 0
github.com/andrei-cloud/go-devops/internal/storage/persistent/db.go:129.80,139.16 5 0
github.com/andrei-cloud/go-devops/internal/storage/persistent/db.go:142.2,143.18 2 0
github.com/andrei-cloud/go-devops/internal/storage/persistent/db.go:150.2,151.16 2 0
github.com/andrei-cloud/go-devops/internal/storage/persistent/db.go:155.2,155.20 1 0
github.com/andrei-cloud/go-devops/internal/storage/persistent/db.go:139.16,141.3 1 0
github.com/andrei-cloud/go-devops/internal/storage/persistent/db.go:143.18,145.17 2 0
github.com/andrei-cloud/go-devops/internal/storage/persistent/db.go:148.3,148.21 1 0
github.com/andrei-cloud/go-devops/internal/storage/persistent/db.go:145.17,147.4 1 0
github.com/andrei-cloud/go-devops/internal/storage/persistent/db.go:151.16,153.3 1 0
github.com/andrei-cloud/go-devops/internal/storage/persistent/db.go:160.80,171.16 5 0
github.com/andrei-cloud/go-devops/internal/storage/persistent/db.go:174.2,175.18 2 0
github.com/andrei-cloud/go-devops/internal/storage/persistent/db.go:182.2,183.16 2 0
github.com/andrei-cloud/go-devops/internal/storage/persistent/db.go:187.2,187.22 1 0
github.com/andrei-cloud/go-devops/internal/storage/persistent/db.go:171.16,173.3 1 0
github.com/andrei-cloud/go-devops/internal/storage/persistent/db.go:175.18,177.17 2 0
github.com/andrei-cloud/go-devops/internal/storage/persistent/db.go:180.3,180.23 1 0
github.com/andrei-cloud/go-devops/internal/storage/persistent/db.go:177.17,179.4 1 0
github.com/andrei-cloud/go-devops/internal/storage/persistent/db.go:183.16,185.3 1 0
github.com/andrei-cloud/go-devops/internal/storage/persistent/db.go:191.33,194.2 2 0
